\BOOKMARK [1][-]{section.1}{Introduction}{}% 1
\BOOKMARK [2][-]{subsection.1.1}{Problem Statement}{section.1}% 2
\BOOKMARK [2][-]{subsection.1.2}{Project Objectives}{section.1}% 3
\BOOKMARK [2][-]{subsection.1.3}{Project Scope}{section.1}% 4
\BOOKMARK [2][-]{subsection.1.4}{Goals}{section.1}% 5
\BOOKMARK [2][-]{subsection.1.5}{Assumptions}{section.1}% 6
\BOOKMARK [2][-]{subsection.1.6}{Constraints}{section.1}% 7
\BOOKMARK [1][-]{section.2}{Project Plan}{}% 8
\BOOKMARK [2][-]{subsection.2.1}{Project Plan}{section.2}% 9
\BOOKMARK [2][-]{subsection.2.2}{Task Sheet}{section.2}% 10
\BOOKMARK [2][-]{subsection.2.3}{Project Management Approach}{section.2}% 11
\BOOKMARK [2][-]{subsection.2.4}{Project Roles and Responsibilities}{section.2}% 12
\BOOKMARK [1][-]{section.3}{Requirement Analysis}{}% 13
\BOOKMARK [2][-]{subsection.3.1}{Introduction}{section.3}% 14
\BOOKMARK [3][-]{subsubsection.3.1.1}{Purpose}{subsection.3.1}% 15
\BOOKMARK [3][-]{subsubsection.3.1.2}{Intended Audience and reading suggestions}{subsection.3.1}% 16
\BOOKMARK [3][-]{subsubsection.3.1.3}{Project Scope}{subsection.3.1}% 17
\BOOKMARK [2][-]{subsection.3.2}{Technology Used}{section.3}% 18
\BOOKMARK [1][-]{section.4}{Design Document}{}% 19
\BOOKMARK [2][-]{subsection.4.1}{Introduction}{section.4}% 20
\BOOKMARK [3][-]{subsubsection.4.1.1}{Background}{subsection.4.1}% 21
\BOOKMARK [2][-]{subsection.4.2}{Architecture}{section.4}% 22
\BOOKMARK [3][-]{subsubsection.4.2.1}{Introduction}{subsection.4.2}% 23
\BOOKMARK [3][-]{subsubsection.4.2.2}{Data}{subsection.4.2}% 24
\BOOKMARK [2][-]{subsection.4.3}{Code}{section.4}% 25
\BOOKMARK [2][-]{subsection.4.4}{Operation}{section.4}% 26
\BOOKMARK [3][-]{subsubsection.4.4.1}{User Types}{subsection.4.4}% 27
\BOOKMARK [3][-]{subsubsection.4.4.2}{Scenarios}{subsection.4.4}% 28
\BOOKMARK [1][-]{section.5}{Future Enhancement}{}% 29
\BOOKMARK [1][-]{section.6}{Conclusion}{}% 30
\BOOKMARK [0][-]{section*.3}{Bibliography}{}% 31
